[main] 2021-08-17 23:51:53 INFO  com.app.Main  - Welcome to the cart
[main] 2021-08-17 23:51:53 INFO  com.app.Main  - Please choose from below options
[main] 2021-08-17 23:51:53 INFO  com.app.Main  - 1) User Register
[main] 2021-08-17 23:51:53 INFO  com.app.Main  - 2) User login
[main] 2021-08-17 23:51:53 INFO  com.app.Main  - 3) Employee login
[main] 2021-08-17 23:52:00 INFO  com.app.Main  - Under Construction
[main] 2021-08-17 23:52:00 INFO  com.app.Main  - 1) User Register
[main] 2021-08-17 23:52:00 INFO  com.app.Main  - 2) User login
[main] 2021-08-17 23:52:00 INFO  com.app.Main  - 3) Employee login
[main] 2021-08-17 23:52:25 INFO  com.app.Main  - Welcome to the cart
[main] 2021-08-17 23:52:25 INFO  com.app.Main  - Please choose from below options
[main] 2021-08-17 23:52:25 INFO  com.app.Main  - 1) User Register
[main] 2021-08-17 23:52:25 INFO  com.app.Main  - 2) User login
[main] 2021-08-17 23:52:25 INFO  com.app.Main  - 3) Employee login
[main] 2021-08-17 23:52:27 INFO  com.app.Main  - User Registrarion
[main] 2021-08-17 23:52:27 INFO  com.app.Main  - 1) User Register
[main] 2021-08-17 23:52:27 INFO  com.app.Main  - 2) User login
[main] 2021-08-17 23:52:27 INFO  com.app.Main  - 3) Employee login
[main] 2021-08-17 23:52:39 INFO  com.app.Main  - Welcome to the cart
[main] 2021-08-17 23:52:39 INFO  com.app.Main  - Please choose from below options
[main] 2021-08-17 23:52:39 INFO  com.app.Main  - 1) User Register
[main] 2021-08-17 23:52:39 INFO  com.app.Main  - 2) User login
[main] 2021-08-17 23:52:39 INFO  com.app.Main  - 3) Employee login
[main] 2021-08-17 23:52:41 INFO  com.app.Main  - User Registration
[main] 2021-08-17 23:52:41 INFO  com.app.Main  - 1) User Register
[main] 2021-08-17 23:52:41 INFO  com.app.Main  - 2) User login
[main] 2021-08-17 23:52:41 INFO  com.app.Main  - 3) Employee login
